ASCII
UTF-8
ARMSCII-8
BIG5
BIG5-HKSCS
CP850
CP862
CP866
CP874
CP932
CP949
CP950
CP1133
CP1250
CP1251
CP1252
CP1253
CP1254
CP1255
CP1256
CP1257
CP1258
EUC-CN
EUC-JP
EUC-KR
EUC-TW
GBK
GB18030
Georgian-Academy
Georgian-PS
HZ
ISO-2022-CN
ISO-2022-CN-EXT
ISO-2022-JP
ISO-2022-JP-2
ISO-2022-JP-1
ISO-2022-KR
ISO-8859-1
ISO-8859-2
ISO-8859-3
ISO-8859-4
ISO-8859-5
ISO-8859-6
ISO-8859-7
ISO-8859-8
ISO-8859-9
ISO-8859-10
ISO-8859-13
ISO-8859-14
ISO-8859-15
ISO-8859-16
JOHAB
KOI8-R
KOI8-T
KOI8-U
KOI8-RU
MuleLao-1
SHIFT_JIS
TCVN
TIS-620
UTF-8
UTF-16
UTF-16BE
UTF-16LE
VISCII
